Adding file system path "C:\\Users\\peter\\Downloads\\TrenchBroom-Win64-AMD64-v2025.4-Release\\defaults\\assets"
Adding file system path "D:\\Documents\\Godot\\DuszaYear2\\GameSource\\"
Loading document from D:\Documents\Godot\DuszaYear2\GameSource\Assets\trenchbroom\maps\game.map
Found 0 shaders
Adding file system path "C:\\Users\\peter\\Downloads\\TrenchBroom-Win64-AMD64-v2025.4-Release\\defaults\\assets"
Adding file system path "D:\\Documents\\Godot\\DuszaYear2\\GameSource\\"
Adding file system path "D:\\Documents\\Godot\\DuszaYear2\\GameSource\\Assets"
Loaded entity definition file Woryn C#.fgd
Found 0 shaders
Loaded "D:\\Documents\\Godot\\DuszaYear2\\GameSource\\Assets\\trenchbroom\\maps\\game.map" in 92ms
Saved "D:\\Documents\\Godot\\DuszaYear2\\GameSource\\Assets\\trenchbroom\\maps\\game.map" in 6ms
Could not resize brush: Brush has invalid face
Saved "D:\\Documents\\Godot\\DuszaYear2\\GameSource\\Assets\\trenchbroom\\maps\\game.map" in 5ms
Saved "D:\\Documents\\Godot\\DuszaYear2\\GameSource\\Assets\\trenchbroom\\maps\\game.map" in 6ms
Saved "D:\\Documents\\Godot\\DuszaYear2\\GameSource\\Assets\\trenchbroom\\maps\\game.map" in 11ms
Saved "D:\\Documents\\Godot\\DuszaYear2\\GameSource\\Assets\\trenchbroom\\maps\\game.map" in 4ms
Saved "D:\\Documents\\Godot\\DuszaYear2\\GameSource\\Assets\\trenchbroom\\maps\\game.map" in 6ms
Saved "D:\\Documents\\Godot\\DuszaYear2\\GameSource\\Assets\\trenchbroom\\maps\\game.map" in 5ms
Saved "D:\\Documents\\Godot\\DuszaYear2\\GameSource\\Assets\\trenchbroom\\maps\\game.map" in 6ms
Saved "D:\\Documents\\Godot\\DuszaYear2\\GameSource\\Assets\\trenchbroom\\maps\\game.map" in 5ms
Could not clip brush: Brush is empty
Could not clip brush: Brush is empty
Could not clip brush: Brush is empty
Could not clip brush: Brush is empty
Could not clip brush: Brush is empty
Could not clip brush: Brush is empty
Could not clip brush: Brush is empty
Could not clip brush: Brush is empty
Created autosave backup at "D:\\Documents\\Godot\\DuszaYear2\\GameSource\\Assets\\trenchbroom\\maps\\autosave\\game.1.map"
Saved "D:\\Documents\\Godot\\DuszaYear2\\GameSource\\Assets\\trenchbroom\\maps\\game.map" in 7ms
Saved "D:\\Documents\\Godot\\DuszaYear2\\GameSource\\Assets\\trenchbroom\\maps\\game.map" in 6ms
Saved "D:\\Documents\\Godot\\DuszaYear2\\GameSource\\Assets\\trenchbroom\\maps\\game.map" in 5ms
Could not resize brush: Brush is empty
Saved "D:\\Documents\\Godot\\DuszaYear2\\GameSource\\Assets\\trenchbroom\\maps\\game.map" in 5ms
Saved "D:\\Documents\\Godot\\DuszaYear2\\GameSource\\Assets\\trenchbroom\\maps\\game.map" in 5ms
Could not resize brush: Brush is empty
Could not resize brush: Brush is empty
Could not resize brush: Brush is empty
Could not resize brush: Brush is empty
Could not resize brush: Brush is empty
Could not resize brush: Brush is empty
Could not resize brush: Brush is empty
Could not resize brush: Brush is empty
Could not resize brush: Brush is empty
Could not resize brush: Brush is empty
Could not resize brush: Brush is empty
Could not resize brush: Brush is empty
Could not clip brush: Brush is empty
Could not clip brush: Brush is empty
Could not clip brush: Brush is empty
Could not clip brush: Brush is empty
Could not clip brush: Brush is empty
Could not clip brush: Brush is empty
Could not clip brush: Brush is empty
Could not clip brush: Brush is empty
Could not clip brush: Brush is empty
Could not clip brush: Brush is empty
Could not clip brush: Brush is empty
Could not clip brush: Brush is empty
Could not clip brush: Brush is empty
Could not clip brush: Brush is empty
Could not clip brush: Brush is empty
Saved "D:\\Documents\\Godot\\DuszaYear2\\GameSource\\Assets\\trenchbroom\\maps\\game.map" in 6ms
Could not resize brush: Brush is empty
Could not resize brush: Brush is empty
Could not resize brush: Brush is empty
Could not resize brush: Brush is empty
Could not resize brush: Brush is empty
Could not resize brush: Brush is empty
Could not resize brush: Brush is empty
Could not resize brush: Brush is empty
Could not resize brush: Brush is empty
Could not resize brush: Brush is empty
Could not resize brush: Brush is empty
Could not resize brush: Brush is empty
Could not resize brush: Brush is empty
Could not resize brush: Brush is empty
Could not resize brush: Brush is empty
Could not resize brush: Brush is empty
Could not resize brush: Brush is empty
Could not resize brush: Brush is empty
Could not resize brush: Brush is empty
Could not resize brush: Brush is empty
Could not resize brush: Brush is empty
Could not resize brush: Brush is empty
Could not resize brush: Brush is empty
Could not resize brush: Brush is empty
Could not resize brush: Brush is empty
Could not resize brush: Brush is empty
Could not resize brush: Brush is empty
Could not resize brush: Brush is empty
Could not resize brush: Brush is empty
Could not resize brush: Brush is empty
Could not resize brush: Brush is empty
Could not resize brush: Brush is empty
Could not resize brush: Brush is empty
Could not resize brush: Brush is empty
Could not resize brush: Brush is empty
Could not resize brush: Brush is empty
Could not resize brush: Brush is empty
Could not resize brush: Brush is empty
Could not resize brush: Brush is empty
Could not resize brush: Brush is empty
Could not resize brush: Brush is empty
Could not resize brush: Brush is empty
Could not resize brush: Brush is empty
Could not resize brush: Brush is empty
Could not resize brush: Brush is empty
Could not resize brush: Brush is empty
Could not resize brush: Brush is empty
Could not resize brush: Brush is empty
Could not resize brush: Brush is empty
Could not resize brush: Brush is empty
Could not resize brush: Brush is empty
Could not resize brush: Brush is empty
Could not resize brush: Brush is empty
Could not resize brush: Brush is empty
Could not resize brush: Brush is empty
Could not resize brush: Brush is empty
Could not resize brush: Brush is empty
Could not resize brush: Brush is empty
Could not resize brush: Brush is empty
Could not resize brush: Brush is empty
Could not resize brush: Brush is empty
Could not resize brush: Brush is empty
Could not resize brush: Brush is empty
Could not resize brush: Brush is empty
Could not resize brush: Brush is empty
Could not resize brush: Brush is empty
Could not resize brush: Brush is empty
Could not resize brush: Brush is empty
Could not resize brush: Brush is empty
Could not resize brush: Brush is empty
Could not resize brush: Brush is empty
Could not resize brush: Brush is empty
Could not resize brush: Brush is empty
Could not resize brush: Brush is empty
Could not resize brush: Brush is empty
Could not resize brush: Brush is empty
Could not resize brush: Brush is empty
Could not resize brush: Brush is empty
Could not resize brush: Brush is empty
Could not resize brush: Brush is empty
Saved "D:\\Documents\\Godot\\DuszaYear2\\GameSource\\Assets\\trenchbroom\\maps\\game.map" in 6ms
Saved "D:\\Documents\\Godot\\DuszaYear2\\GameSource\\Assets\\trenchbroom\\maps\\game.map" in 6ms
Saved "D:\\Documents\\Godot\\DuszaYear2\\GameSource\\Assets\\trenchbroom\\maps\\game.map" in 5ms
Created autosave backup at "D:\\Documents\\Godot\\DuszaYear2\\GameSource\\Assets\\trenchbroom\\maps\\autosave\\game.2.map"
Saved "D:\\Documents\\Godot\\DuszaYear2\\GameSource\\Assets\\trenchbroom\\maps\\game.map" in 6ms
Reloading material collections
Found 0 shaders
Reloading material collections
Found 0 shaders
Reloading material collections
Found 0 shaders
Created autosave backup at "D:\\Documents\\Godot\\DuszaYear2\\GameSource\\Assets\\trenchbroom\\maps\\autosave\\game.3.map"
Saved "D:\\Documents\\Godot\\DuszaYear2\\GameSource\\Assets\\trenchbroom\\maps\\game.map" in 6ms
Saved "D:\\Documents\\Godot\\DuszaYear2\\GameSource\\Assets\\trenchbroom\\maps\\game.map" in 5ms
Adding file system path "C:\\Users\\peter\\Downloads\\TrenchBroom-Win64-AMD64-v2025.4-Release\\defaults\\assets"
Adding file system path "D:\\Documents\\Godot\\DuszaYear2\\GameSource\\"
Loading document from D:\Documents\Godot\DuszaYear2\GameSource\Assets\trenchbroom\maps\bar.map
Found 0 shaders
Adding file system path "C:\\Users\\peter\\Downloads\\TrenchBroom-Win64-AMD64-v2025.4-Release\\defaults\\assets"
Adding file system path "D:\\Documents\\Godot\\DuszaYear2\\GameSource\\"
Adding file system path "D:\\Documents\\Godot\\DuszaYear2\\GameSource\\Assets"
Loaded entity definition file Woryn C#.fgd
Found 0 shaders
Loaded "D:\\Documents\\Godot\\DuszaYear2\\GameSource\\Assets\\trenchbroom\\maps\\bar.map" in 292ms
